SF:c:\Users\utres\Downloads\curs-tests-UdG\day1-3\shoppingcart\Product.cs
FN:14,System.String shopcart.Product::get_Nom()
FNDA:180,System.String shopcart.Product::get_Nom()
DA:15,180
FN:15,System.Double shopcart.Product::get_Preu()
FNDA:86,System.Double shopcart.Product::get_Preu()
DA:16,86
FN:17,System.Double shopcart.Product::get_Pes()
FNDA:27,System.Double shopcart.Product::get_Pes()
DA:18,27
FN:19,System.Boolean shopcart.Product::EsPesat()
FNDA:6,System.Boolean shopcart.Product::EsPesat()
DA:20,6
DA:21,6
DA:22,1
DA:23,1
DA:25,5
DA:26,5
BRDA:21,20,0,1
BRDA:21,20,1,5
FN:29,System.Boolean shopcart.Product::Equals(System.Object)
FNDA:18,System.Boolean shopcart.Product::Equals(System.Object)
DA:30,18
DA:32,18
DA:33,0
DA:34,0
DA:37,18
DA:38,18
DA:39,18
DA:40,18
DA:42,0
DA:43,18
BRDA:32,2,0,18
BRDA:32,2,1,0
BRDA:32,26,0,0
BRDA:32,26,1,18
BRDA:38,59,0,18
BRDA:38,59,1,0
FN:46,System.Int32 shopcart.Product::GetHashCode()
FNDA:96,System.Int32 shopcart.Product::GetHashCode()
DA:47,96
DA:48,96
DA:49,96
DA:50,96
FN:7,System.Void shopcart.Product::.ctor(System.String,System.Double,System.Double)
FNDA:70,System.Void shopcart.Product::.ctor(System.String,System.Double,System.Double)
DA:8,70
DA:9,70
DA:10,70
DA:11,70
DA:12,70
DA:13,70
LF:29
LH:26
BRF:8
BRH:5
FNF:7
FNH:7
end_of_record
SF:c:\Users\utres\Downloads\curs-tests-UdG\day1-3\shoppingcart\Program.cs
FN:8,System.Void shopcart.Program::Main(System.String[])
FNDA:0,System.Void shopcart.Program::Main(System.String[])
DA:9,0
DA:10,0
DA:11,0
DA:13,0
DA:14,0
DA:15,0
DA:16,0
DA:17,0
DA:19,0
DA:21,0
DA:22,0
LF:11
LH:0
BRF:0
BRH:0
FNF:1
FNH:0
end_of_record
SF:c:\Users\utres\Downloads\curs-tests-UdG\day1-3\shoppingcart\ShoppingCart.cs
FN:31,System.Void shopcart.ShoppingCart::AddProduct(System.Int32,shopcart.Interfaces.IProduct)
FNDA:56,System.Void shopcart.ShoppingCart::AddProduct(System.Int32,shopcart.Interfaces.IProduct)
DA:32,56
DA:33,56
DA:34,2
DA:35,2
DA:36,2
DA:37,2
DA:39,54
DA:40,54
DA:41,54
DA:42,56
BRDA:33,15,0,2
BRDA:33,15,1,54
FN:44,System.Int32 shopcart.ShoppingCart::GetItemsCount()
FNDA:11,System.Int32 shopcart.ShoppingCart::GetItemsCount()
DA:45,11
DA:46,11
DA:47,75
DA:48,21
DA:49,21
DA:50,21
DA:51,11
DA:52,11
BRDA:47,54,1,21
BRDA:47,54,0,11
FN:54,System.Double shopcart.ShoppingCart::GetTotal()
FNDA:0,System.Double shopcart.ShoppingCart::GetTotal()
DA:55,0
DA:56,0
DA:57,0
DA:58,0
DA:61,0
DA:62,0
DA:63,0
BRDA:56,9,0,0
BRDA:56,9,1,0
FN:64,System.Boolean shopcart.ShoppingCart::IsEmpty()
FNDA:1,System.Boolean shopcart.ShoppingCart::IsEmpty()
DA:65,1
FN:67,System.Void shopcart.ShoppingCart::RemoveProduct(System.Int32,System.String)
FNDA:6,System.Void shopcart.ShoppingCart::RemoveProduct(System.Int32,System.String)
DA:68,6
DA:69,22
DA:71,6
DA:72,0
DA:73,0
DA:76,6
DA:77,6
DA:78,0
DA:79,0
DA:82,6
DA:83,6
DA:84,3
DA:85,3
DA:86,3
DA:88,3
DA:89,3
DA:90,3
DA:91,6
BRDA:71,49,0,0
BRDA:71,49,1,6
BRDA:77,84,0,0
BRDA:77,84,1,6
BRDA:83,110,0,3
BRDA:83,110,1,3
FN:92,System.ValueTuple`2<System.Double,System.Double> shopcart.ShoppingCart::CalculaPesIPreu()
FNDA:16,System.ValueTuple`2<System.Double,System.Double> shopcart.ShoppingCart::CalculaPesIPreu()
DA:93,16
DA:94,16
DA:95,16
DA:96,80
DA:97,16
DA:98,16
DA:99,16
DA:101,16
DA:102,16
DA:103,0
DA:104,0
DA:105,16
DA:106,16
DA:107,16
DA:108,16
BRDA:96,168,1,16
BRDA:102,96,0,0
BRDA:102,96,1,16
BRDA:96,168,0,16
FN:110,System.Double shopcart.ShoppingCart::CalculateTransport(System.Double,System.Double)
FNDA:16,System.Double shopcart.ShoppingCart::CalculateTransport(System.Double,System.Double)
DA:111,16
DA:112,16
DA:113,24
DA:114,8
DA:117,12
DA:118,4
DA:119,4
DA:122,4
DA:123,16
BRDA:112,11,0,10
BRDA:112,19,0,2
BRDA:112,19,1,8
BRDA:112,11,1,6
BRDA:112,40,0,8
BRDA:112,40,1,8
BRDA:117,69,0,4
BRDA:117,69,1,4
FN:127,System.Double shopcart.ShoppingCart::get_TransportPrice()
FNDA:16,System.Double shopcart.ShoppingCart::get_TransportPrice()
DA:128,16
DA:129,16
DA:130,16
DA:131,16
FN:134,System.Void shopcart.ShoppingCart::Clear()
FNDA:0,System.Void shopcart.ShoppingCart::Clear()
DA:135,0
DA:136,0
DA:137,0
FN:138,System.String shopcart.ShoppingCart::ToString()
FNDA:0,System.String shopcart.ShoppingCart::ToString()
DA:139,0
DA:140,0
DA:141,0
DA:142,0
FN:143,System.String shopcart.ShoppingCart::GetUsuari()
FNDA:2,System.String shopcart.ShoppingCart::GetUsuari()
DA:144,2
BRDA:144,6,0,1
BRDA:144,6,1,1
FN:146,System.Void shopcart.ShoppingCart::AddUsuari(shopcart.Interfaces.IUsuari)
FNDA:5,System.Void shopcart.ShoppingCart::AddUsuari(shopcart.Interfaces.IUsuari)
DA:147,5
DA:148,9
DA:149,4
DA:150,5
DA:151,1
DA:153,4
BRDA:148,12,0,4
BRDA:148,12,1,1
FN:155,System.Collections.Generic.List`1<shopcart.Interfaces.IProduct> shopcart.ShoppingCart::Items()
FNDA:8,System.Collections.Generic.List`1<shopcart.Interfaces.IProduct> shopcart.ShoppingCart::Items()
DA:156,8
DA:157,8
DA:158,8
FN:12,System.Void shopcart.ShoppingCart::.ctor(System.Double,shopcart.Interfaces.IUsuari)
FNDA:35,System.Void shopcart.ShoppingCart::.ctor(System.Double,shopcart.Interfaces.IUsuari)
DA:13,35
DA:22,35
DA:23,35
DA:24,35
DA:25,35
DA:26,38
DA:27,3
DA:28,3
DA:29,35
BRDA:26,47,0,3
BRDA:26,47,1,35
LF:98
LH:78
BRF:30
BRH:25
FNF:14
FNH:11
end_of_record
SF:c:\Users\utres\Downloads\curs-tests-UdG\day1-3\shoppingcart\Usuari.cs
FN:23,System.String shopcart.Usuari::get_Nom()
FNDA:5,System.String shopcart.Usuari::get_Nom()
DA:24,5
FN:24,System.String shopcart.Usuari::get_Adreca()
FNDA:4,System.String shopcart.Usuari::get_Adreca()
DA:25,4
FN:25,System.DateTime shopcart.Usuari::get_DataAlta()
FNDA:4,System.DateTime shopcart.Usuari::get_DataAlta()
DA:26,4
FN:28,System.Boolean shopcart.Usuari::EsVIP()
FNDA:0,System.Boolean shopcart.Usuari::EsVIP()
DA:29,0
DA:30,0
DA:31,0
DA:32,0
FN:34,System.String shopcart.Usuari::ToString()
FNDA:0,System.String shopcart.Usuari::ToString()
DA:35,0
DA:36,0
DA:37,0
BRDA:36,8,0,0
BRDA:36,8,1,0
FN:8,System.Void shopcart.Usuari::.ctor(System.String)
FNDA:4,System.Void shopcart.Usuari::.ctor(System.String)
DA:9,4
DA:10,4
DA:11,4
DA:12,4
DA:13,4
DA:15,4
FN:16,System.Void shopcart.Usuari::.ctor(System.String,System.String,System.DateTime)
FNDA:0,System.Void shopcart.Usuari::.ctor(System.String,System.String,System.DateTime)
DA:17,0
DA:18,0
DA:19,0
DA:20,0
DA:21,0
DA:22,0
LF:22
LH:9
BRF:2
BRH:0
FNF:7
FNH:4
end_of_record